<?xml version="1.0" encoding="UTF-8"?>
<testsuite name="controller.UserControllerTests" tests="2" skipped="0" failures="0" errors="0" timestamp="2016-08-02T05:43:08" hostname="BELC02R12XCG8WN.sea.corp.expecn.com" time="0.034">
  <properties/>
  <testcase name="noParamGreetingShouldReturnDefaultMessage" classname="controller.UserControllerTests" time="0.029"/>
  <testcase name="paramGreetingShouldReturnTailoredMessage" classname="controller.UserControllerTests" time="0.004"/>
  <system-out><![CDATA[22:43:06.089 [Test worker] DEBUG org.springframework.test.context.junit4.SpringJUnit4ClassRunner - SpringJUnit4ClassRunner constructor called with [class controller.UserControllerTests]
22:43:06.096 [Test worker] DEBUG org.springframework.test.context.BootstrapUtils - Instantiating CacheAwareContextLoaderDelegate from class [org.springframework.test.context.cache.DefaultCacheAwareContextLoaderDelegate]
22:43:06.103 [Test worker] DEBUG org.springframework.test.context.BootstrapUtils - Instantiating BootstrapContext using constructor [public org.springframework.test.context.support.DefaultBootstrapContext(java.lang.Class,org.springframework.test.context.CacheAwareContextLoaderDelegate)]
22:43:06.115 [Test worker] DEBUG org.springframework.test.context.BootstrapUtils - Instantiating TestContextBootstrapper for test class [controller.UserControllerTests] from class [org.springframework.test.context.web.WebTestContextBootstrapper]
22:43:06.136 [Test worker] DEBUG org.springframework.test.context.web.WebTestContextBootstrapper - Found explicit ContextLoader class [org.springframework.boot.test.SpringApplicationContextLoader] for context configuration attributes [ContextConfigurationAttributes@72f7b241 declaringClass = 'controller.UserControllerTests', classes = '{class api.controller.Application}', locations = '{}', inheritLocations = true, initializers = '{}', inheritInitializers = true, name = [null], contextLoaderClass = 'org.springframework.boot.test.SpringApplicationContextLoader']
22:43:06.140 [Test worker] DEBUG org.springframework.test.context.support.AbstractContextLoader - Did not detect default resource location for test class [controller.UserControllerTests]: class path resource [controller/UserControllerTests-context.xml] does not exist
22:43:06.141 [Test worker] DEBUG org.springframework.test.context.support.AbstractContextLoader - Did not detect default resource location for test class [controller.UserControllerTests]: class path resource [controller/UserControllerTestsContext.groovy] does not exist
22:43:06.141 [Test worker] INFO org.springframework.test.context.support.AbstractContextLoader - Could not detect default resource locations for test class [controller.UserControllerTests]: no resource found for suffixes {-context.xml, Context.groovy}.
22:43:06.178 [Test worker] DEBUG org.springframework.test.context.support.ActiveProfilesUtils - Could not find an 'annotation declaring class' for annotation type [org.springframework.test.context.ActiveProfiles] and class [controller.UserControllerTests]
22:43:06.179 [Test worker] DEBUG org.springframework.test.context.web.WebTestContextBootstrapper - @TestExecutionListeners is not present for class [controller.UserControllerTests]: using defaults.
22:43:06.184 [Test worker] INFO org.springframework.test.context.web.WebTestContextBootstrapper - Loaded default TestExecutionListener class names from location [META-INF/spring.factories]: [org.springframework.boot.test.mock.mockito.MockitoTestExecutionListener, org.springframework.boot.test.mock.mockito.ResetMocksTestExecutionListener, org.springframework.boot.test.autoconfigure.AutoConfigureReportTestExecutionListener, org.springframework.boot.test.autoconfigure.restdocs.RestDocsTestExecutionListener, org.springframework.boot.test.autoconfigure.web.client.MockRestServiceServerResetTestExecutionListener, org.springframework.test.context.web.ServletTestExecutionListener, org.springframework.test.context.support.DirtiesContextBeforeModesTestExecutionListener, org.springframework.test.context.support.DependencyInjectionTestExecutionListener, org.springframework.test.context.support.DirtiesContextTestExecutionListener, org.springframework.test.context.transaction.TransactionalTestExecutionListener, org.springframework.test.context.jdbc.SqlScriptsTestExecutionListener]
22:43:06.190 [Test worker] INFO org.springframework.test.context.web.WebTestContextBootstrapper - Could not instantiate TestExecutionListener [org.springframework.test.context.jdbc.SqlScriptsTestExecutionListener]. Specify custom listener classes or make the default listener classes (and their required dependencies) available. Offending class: [org/springframework/transaction/interceptor/TransactionAttribute]
22:43:06.194 [Test worker] INFO org.springframework.test.context.web.WebTestContextBootstrapper - Could not instantiate TestExecutionListener [org.springframework.test.context.transaction.TransactionalTestExecutionListener]. Specify custom listener classes or make the default listener classes (and their required dependencies) available. Offending class: [org/springframework/transaction/interceptor/TransactionAttributeSource]
22:43:06.194 [Test worker] INFO org.springframework.test.context.web.WebTestContextBootstrapper - Using TestExecutionListeners: [org.springframework.test.context.web.ServletTestExecutionListener@77c066b5, org.springframework.test.context.support.DirtiesContextBeforeModesTestExecutionListener@4d51cd62, org.springframework.boot.test.autoconfigure.AutoConfigureReportTestExecutionListener@7b620232, org.springframework.test.context.support.DependencyInjectionTestExecutionListener@2dcc6669, org.springframework.test.context.support.DirtiesContextTestExecutionListener@59cd48ab, org.springframework.boot.test.mock.mockito.MockitoTestExecutionListener@1a34a42d, org.springframework.boot.test.autoconfigure.restdocs.RestDocsTestExecutionListener@71ac56cb, org.springframework.boot.test.autoconfigure.web.client.MockRestServiceServerResetTestExecutionListener@3f9d89b9, org.springframework.boot.test.mock.mockito.ResetMocksTestExecutionListener@c2606f1]
22:43:06.196 [Test worker] DEBUG org.springframework.test.annotation.ProfileValueUtils - Retrieved @ProfileValueSourceConfiguration [null] for test class [controller.UserControllerTests]
22:43:06.196 [Test worker] DEBUG org.springframework.test.annotation.ProfileValueUtils - Retrieved ProfileValueSource type [class org.springframework.test.annotation.SystemProfileValueSource] for class [controller.UserControllerTests]
22:43:06.198 [Test worker] DEBUG org.springframework.test.annotation.ProfileValueUtils - Retrieved @ProfileValueSourceConfiguration [null] for test class [controller.UserControllerTests]
22:43:06.198 [Test worker] DEBUG org.springframework.test.annotation.ProfileValueUtils - Retrieved ProfileValueSource type [class org.springframework.test.annotation.SystemProfileValueSource] for class [controller.UserControllerTests]
22:43:06.199 [Test worker] DEBUG org.springframework.test.annotation.ProfileValueUtils - Retrieved @ProfileValueSourceConfiguration [null] for test class [controller.UserControllerTests]
22:43:06.199 [Test worker] DEBUG org.springframework.test.annotation.ProfileValueUtils - Retrieved ProfileValueSource type [class org.springframework.test.annotation.SystemProfileValueSource] for class [controller.UserControllerTests]
22:43:06.201 [Test worker] DEBUG org.springframework.test.context.support.AbstractDirtiesContextTestExecutionListener - Before test class: context [DefaultTestContext@4e479f4 testClass = UserControllerTests, testInstance = [null], testMethod = [null], testException = [null], mergedContextConfiguration = [WebMergedContextConfiguration@670bc9b2 testClass = UserControllerTests, locations = '{}', classes = '{class api.controller.Application}', contextInitializerClasses = '[]', activeProfiles = '{}', propertySourceLocations = '{}', propertySourceProperties = '{}', contextCustomizers = set[org.springframework.boot.test.context.filter.ExcludeFilterContextCustomizer@1cc5987c, org.springframework.boot.test.mock.mockito.MockitoContextCustomizer@0, org.springframework.boot.test.autoconfigure.properties.PropertyMappingContextCustomizer@0, org.springframework.test.context.web.socket.MockServerContainerContextCustomizer@15bfa036], resourceBasePath = 'src/main/webapp', contextLoader = 'org.springframework.boot.test.SpringApplicationContextLoader', parent = [null]]], class annotated with @DirtiesContext [false] with mode [null].
22:43:06.202 [Test worker] DEBUG org.springframework.test.annotation.ProfileValueUtils - Retrieved @ProfileValueSourceConfiguration [null] for test class [controller.UserControllerTests]
22:43:06.202 [Test worker] DEBUG org.springframework.test.annotation.ProfileValueUtils - Retrieved ProfileValueSource type [class org.springframework.test.annotation.SystemProfileValueSource] for class [controller.UserControllerTests]
22:43:06.268 [Test worker] DEBUG org.springframework.core.env.StandardEnvironment - Adding [systemProperties] PropertySource with lowest search precedence
22:43:06.269 [Test worker] DEBUG org.springframework.core.env.StandardEnvironment - Adding [systemEnvironment] PropertySource with lowest search precedence
22:43:06.269 [Test worker] DEBUG org.springframework.core.env.StandardEnvironment - Initialized StandardEnvironment with PropertySources [systemProperties,systemEnvironment]
22:43:06.270 [Test worker] DEBUG org.springframework.core.env.StandardEnvironment - Adding [integrationTest] PropertySource with search precedence immediately lower than [systemEnvironment]

  .   ____          _            __ _ _
 /\\ / ___'_ __ _ _(_)_ __  __ _ \ \ \ \
( ( )\___ | '_ | '_| | '_ \/ _` | \ \ \ \
 \\/  ___)| |_)| | | | | || (_| |  ) ) ) )
  '  |____| .__|_| |_|_| |_\__, | / / / /
 =========|_|==============|___/=/_/_/_/
 :: Spring Boot ::        (v1.4.0.RELEASE)

2016-08-01 22:43:06.596  INFO 26785 --- [    Test worker] controller.UserControllerTests           : Starting UserControllerTests on BELC02R12XCG8WN.sea.corp.expecn.com with PID 26785 (started by pkotwal in /Users/pkotwal/Documents/projects/gs-rest-service-master/complete)
2016-08-01 22:43:06.598  INFO 26785 --- [    Test worker] controller.UserControllerTests           : No active profile set, falling back to default profiles: default
2016-08-01 22:43:06.664  INFO 26785 --- [    Test worker] o.s.w.c.s.GenericWebApplicationContext   : Refreshing org.springframework.web.context.support.GenericWebApplicationContext@98baa25: startup date [Mon Aug 01 22:43:06 PDT 2016]; root of context hierarchy
2016-08-01 22:43:07.945  INFO 26785 --- [    Test worker] s.w.s.m.m.a.RequestMappingHandlerAdapter : Looking for @ControllerAdvice: org.springframework.web.context.support.GenericWebApplicationContext@98baa25: startup date [Mon Aug 01 22:43:06 PDT 2016]; root of context hierarchy
2016-08-01 22:43:08.004  INFO 26785 --- [    Test worker] s.w.s.m.m.a.RequestMappingHandlerMapping : Mapped "{[/api/createsurvey]}" onto public api.survey.Survey api.controller.SurveyController.createSurvey(java.lang.String)
2016-08-01 22:43:08.005  INFO 26785 --- [    Test worker] s.w.s.m.m.a.RequestMappingHandlerMapping : Mapped "{[/api/get_survey_details]}" onto public api.survey.Survey api.controller.SurveyController.getSurveyDetails(java.lang.String)
2016-08-01 22:43:08.005  INFO 26785 --- [    Test worker] s.w.s.m.m.a.RequestMappingHandlerMapping : Mapped "{[/api/get_survey_list]}" onto public api.survey.Survey[] api.controller.SurveyController.getSurveyList(java.lang.String)
2016-08-01 22:43:08.005  INFO 26785 --- [    Test worker] s.w.s.m.m.a.RequestMappingHandlerMapping : Mapped "{[/api/getResponseCounts]}" onto public api.response.Response[] api.controller.SurveyController.getResponseCounts(java.lang.String)
2016-08-01 22:43:08.006  INFO 26785 --- [    Test worker] s.w.s.m.m.a.RequestMappingHandlerMapping : Mapped "{[/api/getResponses]}" onto public api.response.Respondent api.controller.SurveyController.getResponses(java.lang.String)
2016-08-01 22:43:08.006  INFO 26785 --- [    Test worker] s.w.s.m.m.a.RequestMappingHandlerMapping : Mapped "{[/api/editsurvey]}" onto public api.survey.Survey api.controller.SurveyController.editSurvey(java.lang.String)
2016-08-01 22:43:08.006  INFO 26785 --- [    Test worker] s.w.s.m.m.a.RequestMappingHandlerMapping : Mapped "{[/api/savesurvey]}" onto public api.survey.Survey api.controller.SurveyController.saveSurvey(java.lang.String)
2016-08-01 22:43:08.006  INFO 26785 --- [    Test worker] s.w.s.m.m.a.RequestMappingHandlerMapping : Mapped "{[/api/deletesurvey]}" onto public api.survey.Survey api.controller.SurveyController.deleteSurvey(java.lang.String)
2016-08-01 22:43:08.007  INFO 26785 --- [    Test worker] s.w.s.m.m.a.RequestMappingHandlerMapping : Mapped "{[/api/get_user]}" onto public api.user.User api.controller.UserController.response(java.lang.String)
2016-08-01 22:43:08.009  INFO 26785 --- [    Test worker] s.w.s.m.m.a.RequestMappingHandlerMapping : Mapped "{[/error]}" onto public org.springframework.http.ResponseEntity<java.util.Map<java.lang.String, java.lang.Object>> org.springframework.boot.autoconfigure.web.BasicErrorController.error(javax.servlet.http.HttpServletRequest)
2016-08-01 22:43:08.009  INFO 26785 --- [    Test worker] s.w.s.m.m.a.RequestMappingHandlerMapping : Mapped "{[/error],produces=[text/html]}" onto public org.springframework.web.servlet.ModelAndView org.springframework.boot.autoconfigure.web.BasicErrorController.errorHtml(javax.servlet.http.HttpServletRequest,javax.servlet.http.HttpServletResponse)
2016-08-01 22:43:08.036  INFO 26785 --- [    Test worker] o.s.w.s.handler.SimpleUrlHandlerMapping  : Mapped URL path [/webjars/**] onto handler of type [class org.springframework.web.servlet.resource.ResourceHttpRequestHandler]
2016-08-01 22:43:08.036  INFO 26785 --- [    Test worker] o.s.w.s.handler.SimpleUrlHandlerMapping  : Mapped URL path [/**] onto handler of type [class org.springframework.web.servlet.resource.ResourceHttpRequestHandler]
2016-08-01 22:43:08.071  INFO 26785 --- [    Test worker] o.s.w.s.handler.SimpleUrlHandlerMapping  : Mapped URL path [/**/favicon.ico] onto handler of type [class org.springframework.web.servlet.resource.ResourceHttpRequestHandler]
2016-08-01 22:43:08.200  INFO 26785 --- [    Test worker] controller.UserControllerTests           : Started UserControllerTests in 1.92 seconds (JVM running for 2.851)
2016-08-01 22:43:08.231  INFO 26785 --- [    Test worker] o.s.b.test.SpringBootMockServletContext  : Initializing Spring FrameworkServlet ''
2016-08-01 22:43:08.231  INFO 26785 --- [    Test worker] o.s.t.web.servlet.TestDispatcherServlet  : FrameworkServlet '': initialization started
2016-08-01 22:43:08.242  INFO 26785 --- [    Test worker] o.s.t.web.servlet.TestDispatcherServlet  : FrameworkServlet '': initialization completed in 11 ms
2016-08-01 22:43:08.248  INFO 26785 --- [    Test worker] o.s.b.test.SpringBootMockServletContext  : Initializing Spring FrameworkServlet ''
2016-08-01 22:43:08.248  INFO 26785 --- [    Test worker] o.s.t.web.servlet.TestDispatcherServlet  : FrameworkServlet '': initialization started
2016-08-01 22:43:08.250  INFO 26785 --- [    Test worker] o.s.t.web.servlet.TestDispatcherServlet  : FrameworkServlet '': initialization completed in 2 ms
]]></system-out>
  <system-err><![CDATA[]]></system-err>
</testsuite>
